<?xml version='1.0'?>
<ns2:test-suite xmlns:ns2='urn:model.allure.qatools.yandex.ru' start='1591691618700' stop='1591691629019'>
    <name>Testing  Angular js website</name>
    <title>Testing  Angular js website</title>
    <test-cases>
        <test-case start='1591691624036' status='failed' stop='1591691625640'>
            <name>Testing typing the name in the input</name>
            <title>Testing typing the name in the input</title>
            <labels/>
            <parameters/>
            <steps/>
            <attachments/>
            <failure>
                <message>TypeError: AllureReporter.createAttachment is not a function</message>
                <stack-trace>TypeError: AllureReporter.createAttachment is not a function
                    at /Users/pinkykumari/Protractor/test/conf.js:44:22
                    at ManagedPromise.invokeCallback_ (/usr/local/lib/node_modules/protractor/node_modules/selenium-webdriver/lib/promise.js:1376:14)
                    at TaskQueue.execute_ (/usr/local/lib/node_modules/protractor/node_modules/selenium-webdriver/lib/promise.js:3084:14)
                    at TaskQueue.executeNext_ (/usr/local/lib/node_modules/protractor/node_modules/selenium-webdriver/lib/promise.js:3067:27)
                    at asyncRun (/usr/local/lib/node_modules/protractor/node_modules/selenium-webdriver/lib/promise.js:2927:27)
                    at /usr/local/lib/node_modules/protractor/node_modules/selenium-webdriver/lib/promise.js:668:7
                    at process._tickCallback (internal/process/next_tick.js:109:7)</stack-trace>
            </failure>
        </test-case>
        <test-case start='1591691625641' status='failed' stop='1591691629019'>
            <name>Testing the search element in the url</name>
            <title>Testing the search element in the url</title>
            <labels/>
            <parameters/>
            <steps/>
            <attachments/>
            <failure>
                <message>TypeError: AllureReporter.createAttachment is not a function</message>
                <stack-trace>TypeError: AllureReporter.createAttachment is not a function
                    at /Users/pinkykumari/Protractor/test/conf.js:44:22
                    at ManagedPromise.invokeCallback_ (/usr/local/lib/node_modules/protractor/node_modules/selenium-webdriver/lib/promise.js:1376:14)
                    at TaskQueue.execute_ (/usr/local/lib/node_modules/protractor/node_modules/selenium-webdriver/lib/promise.js:3084:14)
                    at TaskQueue.executeNext_ (/usr/local/lib/node_modules/protractor/node_modules/selenium-webdriver/lib/promise.js:3067:27)
                    at asyncRun (/usr/local/lib/node_modules/protractor/node_modules/selenium-webdriver/lib/promise.js:2927:27)
                    at /usr/local/lib/node_modules/protractor/node_modules/selenium-webdriver/lib/promise.js:668:7
                    at process._tickCallback (internal/process/next_tick.js:109:7)</stack-trace>
            </failure>
        </test-case>
    </test-cases>
</ns2:test-suite>